This is pdfTeX, Version 3.14159265-2.6-1.40.17 (TeX Live 2016) (preloaded format=pdflatex 2016.5.22)  8 MAY 2017 22:00
entering extended mode
 restricted \write18 enabled.
 file:line:error style messages enabled.
 %&-line parsing enabled.
**final_report_shay_michelle.tex
(./final_report_shay_michelle.tex
LaTeX2e <2016/03/31>
Babel <3.9r> and hyphenation patterns for 83 language(s) loaded.
(/usr/local/texlive/2016/texmf-dist/tex/latex/base/article.cls
Document Class: article 2014/09/29 v1.4h Standard LaTeX document class
(/usr/local/texlive/2016/texmf-dist/tex/latex/base/size10.clo
File: size10.clo 2014/09/29 v1.4h Standard LaTeX file (size option)
)
\c@part=\count79
\c@section=\count80
\c@subsection=\count81
\c@subsubsection=\count82
\c@paragraph=\count83
\c@subparagraph=\count84
\c@figure=\count85
\c@table=\count86
\abovecaptionskip=\skip41
\belowcaptionskip=\skip42
\bibindent=\dimen102
) (/usr/local/texlive/2016/texmf-dist/tex/latex/psnfss/times.sty
Package: times 2005/04/12 PSNFSS-v9.2a (SPQR) 
) (/usr/local/texlive/2016/texmf-dist/tex/latex/graphics/graphicx.sty
Package: graphicx 2014/10/28 v1.0g Enhanced LaTeX Graphics (DPC,SPQR)
 (/usr/local/texlive/2016/texmf-dist/tex/latex/graphics/keyval.sty
Package: keyval 2014/10/28 v1.15 key=value parser (DPC)
\KV@toks@=\toks14
) (/usr/local/texlive/2016/texmf-dist/tex/latex/graphics/graphics.sty
Package: graphics 2016/05/09 v1.0r Standard LaTeX Graphics (DPC,SPQR)
 (/usr/local/texlive/2016/texmf-dist/tex/latex/graphics/trig.sty
Package: trig 2016/01/03 v1.10 sin cos tan (DPC)
) (/usr/local/texlive/2016/texmf-dist/tex/latex/graphics-cfg/graphics.cfg
File: graphics.cfg 2016/01/02 v1.10 sample graphics configuration
)
Package graphics Info: Driver file: pdftex.def on input line 96.
 (/usr/local/texlive/2016/texmf-dist/tex/latex/pdftex-def/pdftex.def
File: pdftex.def 2011/05/27 v0.06d Graphics/color for pdfTeX
 (/usr/local/texlive/2016/texmf-dist/tex/generic/oberdiek/infwarerr.sty
Package: infwarerr 2016/05/16 v1.4 Providing info/warning/error messages (HO)
) (/usr/local/texlive/2016/texmf-dist/tex/generic/oberdiek/ltxcmds.sty
Package: ltxcmds 2016/05/16 v1.23 LaTeX kernel commands for general use (HO)
)
\Gread@gobject=\count87
))
\Gin@req@height=\dimen103
\Gin@req@width=\dimen104
) (/usr/local/texlive/2016/texmf-dist/tex/latex/amsfonts/amssymb.sty
Package: amssymb 2013/01/14 v3.01 AMS font symbols
 (/usr/local/texlive/2016/texmf-dist/tex/latex/amsfonts/amsfonts.sty
Package: amsfonts 2013/01/14 v3.01 Basic AMSFonts support
\@emptytoks=\toks15
\symAMSa=\mathgroup4
\symAMSb=\mathgroup5
LaTeX Font Info:    Overwriting math alphabet `\mathfrak' in version `bold'
(Font)                  U/euf/m/n --> U/euf/b/n on input line 106.
)) (/usr/local/texlive/2016/texmf-dist/tex/latex/titling/titling.sty
Package: titling 2009/09/04 v2.1d maketitle typesetting
\thanksmarkwidth=\skip43
\thanksmargin=\skip44
\droptitle=\skip45
) (/usr/local/texlive/2016/texmf-dist/tex/latex/url/url.sty
\Urlmuskip=\muskip10
Package: url 2013/09/16  ver 3.4  Verb mode for urls, etc.
)
(/usr/local/texlive/2016/texmf-dist/tex/latex/hyperref/hyperref.sty
Package: hyperref 2016/05/05 v6.83n Hypertext links for LaTeX
 (/usr/local/texlive/2016/texmf-dist/tex/generic/oberdiek/hobsub-hyperref.sty
Package: hobsub-hyperref 2016/05/16 v1.14 Bundle oberdiek, subset hyperref (HO)
 (/usr/local/texlive/2016/texmf-dist/tex/generic/oberdiek/hobsub-generic.sty
Package: hobsub-generic 2016/05/16 v1.14 Bundle oberdiek, subset generic (HO)
Package: hobsub 2016/05/16 v1.14 Construct package bundles (HO)
Package hobsub Info: Skipping package `infwarerr' (already loaded).
Package hobsub Info: Skipping package `ltxcmds' (already loaded).
Package: ifluatex 2016/05/16 v1.4 Provides the ifluatex switch (HO)
Package ifluatex Info: LuaTeX not detected.
Package: ifvtex 2016/05/16 v1.6 Detect VTeX and its facilities (HO)
Package ifvtex Info: VTeX not detected.
Package: intcalc 2016/05/16 v1.2 Expandable calculations with integers (HO)
Package: ifpdf 2016/05/14 v3.1 Provides the ifpdf switch
Package: etexcmds 2016/05/16 v1.6 Avoid name clashes with e-TeX commands (HO)
Package etexcmds Info: Could not find \expanded.
(etexcmds)             That can mean that you are not using pdfTeX 1.50 or
(etexcmds)             that some package has redefined \expanded.
(etexcmds)             In the latter case, load this package earlier.
Package: kvsetkeys 2016/05/16 v1.17 Key value parser (HO)
Package: kvdefinekeys 2016/05/16 v1.4 Define keys (HO)
Package: pdftexcmds 2016/05/10 v0.21 Utility functions of pdfTeX for LuaTeX (HO)
Package pdftexcmds Info: LuaTeX not detected.
Package pdftexcmds Info: \pdf@primitive is available.
Package pdftexcmds Info: \pdf@ifprimitive is available.
Package pdftexcmds Info: \pdfdraftmode found.
Package: pdfescape 2016/05/16 v1.14 Implements pdfTeX's escape features (HO)
Package: bigintcalc 2016/05/16 v1.4 Expandable calculations on big integers (HO)
Package: bitset 2016/05/16 v1.2 Handle bit-vector datatype (HO)
Package: uniquecounter 2016/05/16 v1.3 Provide unlimited unique counter (HO)
)
Package hobsub Info: Skipping package `hobsub' (already loaded).
Package: letltxmacro 2016/05/16 v1.5 Let assignment for LaTeX macros (HO)
Package: hopatch 2016/05/16 v1.3 Wrapper for package hooks (HO)
Package: xcolor-patch 2016/05/16 xcolor patch
Package: atveryend 2016/05/16 v1.9 Hooks at the very end of document (HO)
Package atveryend Info: \enddocument detected (standard20110627).
Package: atbegshi 2016/05/16 v1.17 At begin shipout hook (HO)
Package: refcount 2016/05/16 v3.5 Data extraction from label references (HO)
Package: hycolor 2016/05/16 v1.8 Color options for hyperref/bookmark (HO)
) (/usr/local/texlive/2016/texmf-dist/tex/generic/ifxetex/ifxetex.sty
Package: ifxetex 2010/09/12 v0.6 Provides ifxetex conditional
) (/usr/local/texlive/2016/texmf-dist/tex/latex/oberdiek/auxhook.sty
Package: auxhook 2016/05/16 v1.4 Hooks for auxiliary files (HO)
) (/usr/local/texlive/2016/texmf-dist/tex/latex/oberdiek/kvoptions.sty
Package: kvoptions 2016/05/16 v3.12 Key value format for package options (HO)
)
\@linkdim=\dimen105
\Hy@linkcounter=\count88
\Hy@pagecounter=\count89
 (/usr/local/texlive/2016/texmf-dist/tex/latex/hyperref/pd1enc.def
File: pd1enc.def 2016/05/05 v6.83n Hyperref: PDFDocEncoding definition (HO)
)
\Hy@SavedSpaceFactor=\count90
 (/usr/local/texlive/2016/texmf-dist/tex/latex/latexconfig/hyperref.cfg
File: hyperref.cfg 2002/06/06 v1.2 hyperref configuration of TeXLive
)
Package hyperref Info: Hyper figures OFF on input line 4446.
Package hyperref Info: Link nesting OFF on input line 4451.
Package hyperref Info: Hyper index ON on input line 4454.
Package hyperref Info: Plain pages OFF on input line 4461.
Package hyperref Info: Backreferencing OFF on input line 4466.
Package hyperref Info: Implicit mode ON; LaTeX internals redefined.
Package hyperref Info: Bookmarks ON on input line 4691.
\c@Hy@tempcnt=\count91
LaTeX Info: Redefining \url on input line 5044.
\XeTeXLinkMargin=\dimen106
\Fld@menulength=\count92
\Field@Width=\dimen107
\Fld@charsize=\dimen108
Package hyperref Info: Hyper figures OFF on input line 6298.
Package hyperref Info: Link nesting OFF on input line 6303.
Package hyperref Info: Hyper index ON on input line 6306.
Package hyperref Info: backreferencing OFF on input line 6313.
Package hyperref Info: Link coloring OFF on input line 6318.
Package hyperref Info: Link coloring with OCG OFF on input line 6323.
Package hyperref Info: PDF/A mode OFF on input line 6328.
LaTeX Info: Redefining \ref on input line 6368.
LaTeX Info: Redefining \pageref on input line 6372.
\Hy@abspage=\count93
\c@Item=\count94
\c@Hfootnote=\count95
)

Package hyperref Message: Driver (autodetected): hpdftex.

(/usr/local/texlive/2016/texmf-dist/tex/latex/hyperref/hpdftex.def
File: hpdftex.def 2016/05/05 v6.83n Hyperref driver for pdfTeX
\Fld@listcount=\count96
\c@bookmark@seq@number=\count97
 (/usr/local/texlive/2016/texmf-dist/tex/latex/oberdiek/rerunfilecheck.sty
Package: rerunfilecheck 2016/05/16 v1.8 Rerun checks for auxiliary files (HO)
Package uniquecounter Info: New unique counter `rerunfilecheck' on input line 282.
)
\Hy@SectionHShift=\skip46
) (./final_report_shay_michelle.aux)
\openout1 = `final_report_shay_michelle.aux'.

LaTeX Font Info:    Checking defaults for OML/cmm/m/it on input line 8.
LaTeX Font Info:    ... okay on input line 8.
LaTeX Font Info:    Checking defaults for T1/cmr/m/n on input line 8.
LaTeX Font Info:    ... okay on input line 8.
LaTeX Font Info:    Checking defaults for OT1/cmr/m/n on input line 8.
LaTeX Font Info:    ... okay on input line 8.
LaTeX Font Info:    Checking defaults for OMS/cmsy/m/n on input line 8.
LaTeX Font Info:    ... okay on input line 8.
LaTeX Font Info:    Checking defaults for OMX/cmex/m/n on input line 8.
LaTeX Font Info:    ... okay on input line 8.
LaTeX Font Info:    Checking defaults for U/cmr/m/n on input line 8.
LaTeX Font Info:    ... okay on input line 8.
LaTeX Font Info:    Checking defaults for PD1/pdf/m/n on input line 8.
LaTeX Font Info:    ... okay on input line 8.
LaTeX Font Info:    Try loading font information for OT1+ptm on input line 8.
 (/usr/local/texlive/2016/texmf-dist/tex/latex/psnfss/ot1ptm.fd
File: ot1ptm.fd 2001/06/04 font definitions for OT1/ptm.
) (/usr/local/texlive/2016/texmf-dist/tex/context/base/mkii/supp-pdf.mkii
[Loading MPS to PDF converter (version 2006.09.02).]
\scratchcounter=\count98
\scratchdimen=\dimen109
\scratchbox=\box26
\nofMPsegments=\count99
\nofMParguments=\count100
\everyMPshowfont=\toks16
\MPscratchCnt=\count101
\MPscratchDim=\dimen110
\MPnumerator=\count102
\makeMPintoPDFobject=\count103
\everyMPtoPDFconversion=\toks17
) (/usr/local/texlive/2016/texmf-dist/tex/latex/oberdiek/epstopdf-base.sty
Package: epstopdf-base 2016/05/15 v2.6 Base part for package epstopdf
 (/usr/local/texlive/2016/texmf-dist/tex/latex/oberdiek/grfext.sty
Package: grfext 2016/05/16 v1.2 Manage graphics extensions (HO)
)
Package grfext Info: Graphics extension search list:
(grfext)             [.png,.pdf,.jpg,.mps,.jpeg,.jbig2,.jb2,.PNG,.PDF,.JPG,.JPEG,.JBIG2,.JB2,.eps]
(grfext)             \AppendGraphicsExtensions on input line 456.
 (/usr/local/texlive/2016/texmf-dist/tex/latex/latexconfig/epstopdf-sys.cfg
File: epstopdf-sys.cfg 2010/07/13 v1.3 Configuration of (r)epstopdf for TeX Live
))
\AtBeginShipoutBox=\box27
Package hyperref Info: Link coloring OFF on input line 8.
 (/usr/local/texlive/2016/texmf-dist/tex/latex/hyperref/nameref.sty
Package: nameref 2012/10/27 v2.43 Cross-referencing by name of section
 (/usr/local/texlive/2016/texmf-dist/tex/generic/oberdiek/gettitlestring.sty
Package: gettitlestring 2016/05/16 v1.5 Cleanup title references (HO)
)
\c@section@level=\count104
)
LaTeX Info: Redefining \ref on input line 8.
LaTeX Info: Redefining \pageref on input line 8.
LaTeX Info: Redefining \nameref on input line 8.
 (./final_report_shay_michelle.out) (./final_report_shay_michelle.out)
\@outlinefile=\write3
\openout3 = `final_report_shay_michelle.out'.

LaTeX Font Info:    Try loading font information for U+msa on input line 24.
 (/usr/local/texlive/2016/texmf-dist/tex/latex/amsfonts/umsa.fd
File: umsa.fd 2013/01/14 v3.01 AMS symbols A
)
LaTeX Font Info:    Try loading font information for U+msb on input line 24.
 (/usr/local/texlive/2016/texmf-dist/tex/latex/amsfonts/umsb.fd
File: umsb.fd 2013/01/14 v3.01 AMS symbols B
)
LaTeX Font Info:    Font shape `OT1/ptm/bx/n' in size <14.4> not available
(Font)              Font shape `OT1/ptm/b/n' tried instead on input line 25.

Underfull \hbox (badness 2529) in paragraph at lines 70--79
\OT1/ptm/m/n/10 This dataset is rel-a-tively new ini-tia-tive to com-pile
 []

[1{/usr/local/texlive/2016/texmf-var/fonts/map/pdftex/updmap/pdftex.map}


]

./final_report_shay_michelle.tex:82: LaTeX Error: Lonely \item--perhaps a missing list environment.

See the LaTeX manual or LaTeX Companion for explanation.
Type  H <return>  for immediate help.
 ...                                              
                                                  
l.82 \item \texttt
                  {CONTROL}: a categorical variable indicating the funding t...
Try typing  <return>  to proceed.
If that doesn't work, type  X <return>  to quit.

LaTeX Font Info:    Try loading font information for OT1+pcr on input line 82.
(/usr/local/texlive/2016/texmf-dist/tex/latex/psnfss/ot1pcr.fd
File: ot1pcr.fd 2001/06/04 font definitions for OT1/pcr.
)

./final_report_shay_michelle.tex:84: LaTeX Error: Lonely \item--perhaps a missing list environment.

See the LaTeX manual or LaTeX Companion for explanation.
Type  H <return>  for immediate help.
 ...                                              
                                                  
l.84 \item \texttt
                  {CDR3}: Cohort Default Rate at 3 Years
Try typing  <return>  to proceed.
If that doesn't work, type  X <return>  to quit.


./final_report_shay_michelle.tex:85: LaTeX Error: Lonely \item--perhaps a missing list environment.

See the LaTeX manual or LaTeX Companion for explanation.
Type  H <return>  for immediate help.
 ...                                              
                                                  
l.85 \item \texttt
                  {MAIN}: Boolean identifier for main campus
Try typing  <return>  to proceed.
If that doesn't work, type  X <return>  to quit.


./final_report_shay_michelle.tex:86: LaTeX Error: Lonely \item--perhaps a missing list environment.

See the LaTeX manual or LaTeX Companion for explanation.
Type  H <return>  for immediate help.
 ...                                              
                                                  
l.86 \item \texttt
                  {LO\char`_INC\char`_DEBT\char`_MDN}: The median debt for s...
Try typing  <return>  to proceed.
If that doesn't work, type  X <return>  to quit.


./final_report_shay_michelle.tex:87: LaTeX Error: Lonely \item--perhaps a missing list environment.

See the LaTeX manual or LaTeX Companion for explanation.
Type  H <return>  for immediate help.
 ...                                              
                                                  
l.87 \item \texttt
                  {HI\char`_INC\char`_DEBT\char`_MDN}: The median debt for s...
Try typing  <return>  to proceed.
If that doesn't work, type  X <return>  to quit.


./final_report_shay_michelle.tex:88: LaTeX Error: Lonely \item--perhaps a missing list environment.

See the LaTeX manual or LaTeX Companion for explanation.
Type  H <return>  for immediate help.
 ...                                              
                                                  
l.88 \item \texttt
                  {MD\char`_INC\char`_DEBT\char`_MDN}: The median debt for s...
Try typing  <return>  to proceed.
If that doesn't work, type  X <return>  to quit.


./final_report_shay_michelle.tex:89: LaTeX Error: Lonely \item--perhaps a missing list environment.

See the LaTeX manual or LaTeX Companion for explanation.
Type  H <return>  for immediate help.
 ...                                              
                                                  
l.89 \item \texttt
                  {FIRST\char`_GEN}: Share of students who are first-generat...
Try typing  <return>  to proceed.
If that doesn't work, type  X <return>  to quit.


./final_report_shay_michelle.tex:90: LaTeX Error: Lonely \item--perhaps a missing list environment.

See the LaTeX manual or LaTeX Companion for explanation.
Type  H <return>  for immediate help.
 ...                                              
                                                  
l.90 \item \texttt
                  {COMP\char`_ORIGIN\char`_YR4\char`_RT}:  Share of students...
Try typing  <return>  to proceed.
If that doesn't work, type  X <return>  to quit.


./final_report_shay_michelle.tex:91: LaTeX Error: Lonely \item--perhaps a missing list environment.

See the LaTeX manual or LaTeX Companion for explanation.
Type  H <return>  for immediate help.
 ...                                              
                                                  
l.91 \item \texttt
                  {ADM\char`_RATE\char`_ALL}: The admissions rate for the en...
Try typing  <return>  to proceed.
If that doesn't work, type  X <return>  to quit.


./final_report_shay_michelle.tex:92: LaTeX Error: Lonely \item--perhaps a missing list environment.

See the LaTeX manual or LaTeX Companion for explanation.
Type  H <return>  for immediate help.
 ...                                              
                                                  
l.92 \item \texttt
                  {AGE\char`_ENTRY}: The average age at time of entry for st...
Try typing  <return>  to proceed.
If that doesn't work, type  X <return>  to quit.


./final_report_shay_michelle.tex:93: LaTeX Error: Lonely \item--perhaps a missing list environment.

See the LaTeX manual or LaTeX Companion for explanation.
Type  H <return>  for immediate help.
 ...                                              
                                                  
l.93 \item \texttt
                  {INEXPFTE}: Dollars spent by the institution on education ...
Try typing  <return>  to proceed.
If that doesn't work, type  X <return>  to quit.


./final_report_shay_michelle.tex:94: LaTeX Error: Lonely \item--perhaps a missing list environment.

See the LaTeX manual or LaTeX Companion for explanation.
Type  H <return>  for immediate help.
 ...                                              
                                                  
l.94 \item T
            he dependent variable being classified and predicted is `CDR3' f...
Try typing  <return>  to proceed.
If that doesn't work, type  X <return>  to quit.


./final_report_shay_michelle.tex:95: LaTeX Error: Lonely \item--perhaps a missing list environment.

See the LaTeX manual or LaTeX Companion for explanation.
Type  H <return>  for immediate help.
 ...                                              
                                                  
l.95 \item T
            he data was limited to only the main campus for each institution...
Try typing  <return>  to proceed.
If that doesn't work, type  X <return>  to quit.


./final_report_shay_michelle.tex:98: LaTeX Error: Lonely \item--perhaps a missing list environment.

See the LaTeX manual or LaTeX Companion for explanation.
Type  H <return>  for immediate help.
 ...                                              
                                                  
l.98 \item T
            he independent variables are all the others.
Try typing  <return>  to proceed.
If that doesn't work, type  X <return>  to quit.


./final_report_shay_michelle.tex:99: LaTeX Error: Lonely \item--perhaps a missing list environment.

See the LaTeX manual or LaTeX Companion for explanation.
Type  H <return>  for immediate help.
 ...                                              
                                                  
l.99 \item A
            ny observations with null values for any of the chosen variables
Try typing  <return>  to proceed.
If that doesn't work, type  X <return>  to quit.


./final_report_shay_michelle.tex:103: LaTeX Error: Lonely \item--perhaps a missing list environment.

See the LaTeX manual or LaTeX Companion for explanation.
Type  H <return>  for immediate help.
 ...                                              
                                                  
l.103 \item F
             inally, the categorical variable \texttt{CONTROL} is binarized ...
Try typing  <return>  to proceed.
If that doesn't work, type  X <return>  to quit.


./final_report_shay_michelle.tex:105: LaTeX Error: \begin{document} ended by \end{itemize}.

See the LaTeX manual or LaTeX Companion for explanation.
Type  H <return>  for immediate help.
 ...                                              
                                                  
l.105 \end{itemize}
                   
Your command was ignored.
Type  I <command> <return>  to replace it with another command,
or  <return>  to continue without it.

./final_report_shay_michelle.tex:105: Extra \endgroup.
<recently read> \endgroup 
                          
l.105 \end{itemize}
                   
Things are pretty mixed up, but I think the worst is over.


./final_report_shay_michelle.tex:107: LaTeX Error: \begin{document} ended by \end{enumerate}.

See the LaTeX manual or LaTeX Companion for explanation.
Type  H <return>  for immediate help.
 ...                                              
                                                  
l.107 \end{enumerate}
                     
Your command was ignored.
Type  I <command> <return>  to replace it with another command,
or  <return>  to continue without it.

./final_report_shay_michelle.tex:107: Extra \endgroup.
<recently read> \endgroup 
                          
l.107 \end{enumerate}
                     
Things are pretty mixed up, but I think the worst is over.


Underfull \hbox (badness 1472) in paragraph at lines 127--148
\OT1/ptm/m/n/10 ple $\OML/cmm/m/it/10 R[] \OT1/cmr/m/n/10 = \OML/cmm/m/it/10 :\OT1/cmr/m/n/10 929$ \OT1/ptm/m/n/10 and an out-of-sample $\OML/cmm/m/it/10 R[] \OT1/cmr/m/n/10 =
 []


Underfull \hbox (badness 1472) in paragraph at lines 127--148
\OT1/ptm/m/n/10 (20.5%). The model trained on the 2013 co-
 []


Underfull \hbox (badness 1389) in paragraph at lines 127--148
\OT1/ptm/m/n/10 out-of-sample $\OML/cmm/m/it/10 R[] \OT1/cmr/m/n/10 = \OML/cmm/m/it/10 :\OT1/cmr/m/n/10 772$\OT1/ptm/m/n/10 . The most im-por-
 []


Underfull \hbox (badness 1231) in paragraph at lines 127--148
\OT1/ptm/m/n/10 tant fea-tures based on per-cent-age of mod-els in
 []

[2] <fedloans.png, id=53, 924.45375pt x 635.37375pt>
File: fedloans.png Graphic file (type png)
 <use fedloans.png>
Package pdftex.def Info: fedloans.png used on input line 165.
(pdftex.def)             Requested size: 180.67499pt x 124.17369pt.

./final_report_shay_michelle.tex:168: Undefined control sequence.
<argument> ... \endcsname }{\ignorespaces \Figure 
                                                  Exploratory look at differ...
l.168 ...een default rates by Control Group, 2011}
                                                  
The control sequence at the end of the top line
of your error message was never \def'ed. If you have
misspelled it (e.g., `\hobx'), type `I' and the correct
spelling (e.g., `I\hbox'). Otherwise just continue,
and I'll forget about whatever was undefined.

./final_report_shay_michelle.tex:168: Undefined control sequence.
<argument> ...r {\@currentHref }{\relax }}\Figure 
                                                  Exploratory look at differ...
l.168 ...een default rates by Control Group, 2011}
                                                  
The control sequence at the end of the top line
of your error message was never \def'ed. If you have
misspelled it (e.g., `\hobx'), type `I' and the correct
spelling (e.g., `I\hbox'). Otherwise just continue,
and I'll forget about whatever was undefined.

./final_report_shay_michelle.tex:168: Undefined control sequence.
<argument> ...r {\@currentHref }{\relax }}\Figure 
                                                  Exploratory look at differ...
l.168 ...een default rates by Control Group, 2011}
                                                  
The control sequence at the end of the top line
of your error message was never \def'ed. If you have
misspelled it (e.g., `\hobx'), type `I' and the correct
spelling (e.g., `I\hbox'). Otherwise just continue,
and I'll forget about whatever was undefined.

<Testsize.png, id=55, 722.7pt x 722.7pt>
File: Testsize.png Graphic file (type png)
 <use Testsize.png>
Package pdftex.def Info: Testsize.png used on input line 174.
(pdftex.def)             Requested size: 180.67499pt x 180.67455pt.

./final_report_shay_michelle.tex:177: Undefined control sequence.
<argument> ... \endcsname }{\ignorespaces \Figure 
                                                  Exploration of Effect of T...
l.177 ...on Random Forest Regression, 2011 Cohort}
                                                  
The control sequence at the end of the top line
of your error message was never \def'ed. If you have
misspelled it (e.g., `\hobx'), type `I' and the correct
spelling (e.g., `I\hbox'). Otherwise just continue,
and I'll forget about whatever was undefined.

./final_report_shay_michelle.tex:177: Undefined control sequence.
<argument> ...r {\@currentHref }{\relax }}\Figure 
                                                  Exploration of Effect of T...
l.177 ...on Random Forest Regression, 2011 Cohort}
                                                  
The control sequence at the end of the top line
of your error message was never \def'ed. If you have
misspelled it (e.g., `\hobx'), type `I' and the correct
spelling (e.g., `I\hbox'). Otherwise just continue,
and I'll forget about whatever was undefined.

./final_report_shay_michelle.tex:177: Undefined control sequence.
<argument> ...r {\@currentHref }{\relax }}\Figure 
                                                  Exploration of Effect of T...
l.177 ...on Random Forest Regression, 2011 Cohort}
                                                  
The control sequence at the end of the top line
of your error message was never \def'ed. If you have
misspelled it (e.g., `\hobx'), type `I' and the correct
spelling (e.g., `I\hbox'). Otherwise just continue,
and I'll forget about whatever was undefined.

<Max_Depth.png, id=56, 722.7pt x 722.7pt>
File: Max_Depth.png Graphic file (type png)
 <use Max_Depth.png>
Package pdftex.def Info: Max_Depth.png used on input line 183.
(pdftex.def)             Requested size: 180.67499pt x 180.67455pt.

./final_report_shay_michelle.tex:186: Undefined control sequence.
<argument> ... \endcsname }{\ignorespaces \Figure 
                                                  Exploration of Effect of M...
l.186 ...on Random Forest Regression, 2011 Cohort}
                                                  
The control sequence at the end of the top line
of your error message was never \def'ed. If you have
misspelled it (e.g., `\hobx'), type `I' and the correct
spelling (e.g., `I\hbox'). Otherwise just continue,
and I'll forget about whatever was undefined.

./final_report_shay_michelle.tex:186: Undefined control sequence.
<argument> ...r {\@currentHref }{\relax }}\Figure 
                                                  Exploration of Effect of M...
l.186 ...on Random Forest Regression, 2011 Cohort}
                                                  
The control sequence at the end of the top line
of your error message was never \def'ed. If you have
misspelled it (e.g., `\hobx'), type `I' and the correct
spelling (e.g., `I\hbox'). Otherwise just continue,
and I'll forget about whatever was undefined.

./final_report_shay_michelle.tex:186: Undefined control sequence.
<argument> ...r {\@currentHref }{\relax }}\Figure 
                                                  Exploration of Effect of M...
l.186 ...on Random Forest Regression, 2011 Cohort}
                                                  
The control sequence at the end of the top line
of your error message was never \def'ed. If you have
misspelled it (e.g., `\hobx'), type `I' and the correct
spelling (e.g., `I\hbox'). Otherwise just continue,
and I'll forget about whatever was undefined.

<results2011.png, id=57, 722.7pt x 722.7pt>
File: results2011.png Graphic file (type png)
 <use results2011.png>
Package pdftex.def Info: results2011.png used on input line 192.
(pdftex.def)             Requested size: 180.67499pt x 180.67455pt.

./final_report_shay_michelle.tex:195: Undefined control sequence.
<argument> ... \endcsname }{\ignorespaces \Figure 
                                                  Results of the model train...
l.195 ...del trained on data from the 2011 cohort}
                                                  
The control sequence at the end of the top line
of your error message was never \def'ed. If you have
misspelled it (e.g., `\hobx'), type `I' and the correct
spelling (e.g., `I\hbox'). Otherwise just continue,
and I'll forget about whatever was undefined.

./final_report_shay_michelle.tex:195: Undefined control sequence.
<argument> ...r {\@currentHref }{\relax }}\Figure 
                                                  Results of the model train...
l.195 ...del trained on data from the 2011 cohort}
                                                  
The control sequence at the end of the top line
of your error message was never \def'ed. If you have
misspelled it (e.g., `\hobx'), type `I' and the correct
spelling (e.g., `I\hbox'). Otherwise just continue,
and I'll forget about whatever was undefined.

./final_report_shay_michelle.tex:195: Undefined control sequence.
<argument> ...r {\@currentHref }{\relax }}\Figure 
                                                  Results of the model train...
l.195 ...del trained on data from the 2011 cohort}
                                                  
The control sequence at the end of the top line
of your error message was never \def'ed. If you have
misspelled it (e.g., `\hobx'), type `I' and the correct
spelling (e.g., `I\hbox'). Otherwise just continue,
and I'll forget about whatever was undefined.

<results2012.png, id=58, 722.7pt x 722.7pt>
File: results2012.png Graphic file (type png)
 <use results2012.png>
Package pdftex.def Info: results2012.png used on input line 201.
(pdftex.def)             Requested size: 180.67499pt x 180.67455pt.

./final_report_shay_michelle.tex:204: Undefined control sequence.
<argument> ... \endcsname }{\ignorespaces \Figure 
                                                  Results of the model train...
l.204 ...del trained on data from the 2012 cohort}
                                                  
The control sequence at the end of the top line
of your error message was never \def'ed. If you have
misspelled it (e.g., `\hobx'), type `I' and the correct
spelling (e.g., `I\hbox'). Otherwise just continue,
and I'll forget about whatever was undefined.

./final_report_shay_michelle.tex:204: Undefined control sequence.
<argument> ...r {\@currentHref }{\relax }}\Figure 
                                                  Results of the model train...
l.204 ...del trained on data from the 2012 cohort}
                                                  
The control sequence at the end of the top line
of your error message was never \def'ed. If you have
misspelled it (e.g., `\hobx'), type `I' and the correct
spelling (e.g., `I\hbox'). Otherwise just continue,
and I'll forget about whatever was undefined.

./final_report_shay_michelle.tex:204: Undefined control sequence.
<argument> ...r {\@currentHref }{\relax }}\Figure 
                                                  Results of the model train...
l.204 ...del trained on data from the 2012 cohort}
                                                  
The control sequence at the end of the top line
of your error message was never \def'ed. If you have
misspelled it (e.g., `\hobx'), type `I' and the correct
spelling (e.g., `I\hbox'). Otherwise just continue,
and I'll forget about whatever was undefined.

<results2013.png, id=59, 722.7pt x 722.7pt>
File: results2013.png Graphic file (type png)
 <use results2013.png>
Package pdftex.def Info: results2013.png used on input line 210.
(pdftex.def)             Requested size: 180.67499pt x 180.67455pt.

./final_report_shay_michelle.tex:213: Undefined control sequence.
<argument> ... \endcsname }{\ignorespaces \Figure 
                                                  Results of the model train...
l.213 ...del trained on data from the 2013 cohort}
                                                  
The control sequence at the end of the top line
of your error message was never \def'ed. If you have
misspelled it (e.g., `\hobx'), type `I' and the correct
spelling (e.g., `I\hbox'). Otherwise just continue,
and I'll forget about whatever was undefined.

./final_report_shay_michelle.tex:213: Undefined control sequence.
<argument> ...r {\@currentHref }{\relax }}\Figure 
                                                  Results of the model train...
l.213 ...del trained on data from the 2013 cohort}
                                                  
The control sequence at the end of the top line
of your error message was never \def'ed. If you have
misspelled it (e.g., `\hobx'), type `I' and the correct
spelling (e.g., `I\hbox'). Otherwise just continue,
and I'll forget about whatever was undefined.

./final_report_shay_michelle.tex:213: Undefined control sequence.
<argument> ...r {\@currentHref }{\relax }}\Figure 
                                                  Results of the model train...
l.213 ...del trained on data from the 2013 cohort}
                                                  
The control sequence at the end of the top line
of your error message was never \def'ed. If you have
misspelled it (e.g., `\hobx'), type `I' and the correct
spelling (e.g., `I\hbox'). Otherwise just continue,
and I'll forget about whatever was undefined.

<2013from2011.png, id=60, 722.7pt x 722.7pt>
File: 2013from2011.png Graphic file (type png)
 <use 2013from2011.png>
Package pdftex.def Info: 2013from2011.png used on input line 219.
(pdftex.def)             Requested size: 180.67499pt x 180.67455pt.

./final_report_shay_michelle.tex:223: Undefined control sequence.
<argument> ... \endcsname }{\ignorespaces \Figure 
                                                  Results of the model train...
l.223   and tested on the 2013 cohort}
                                      
The control sequence at the end of the top line
of your error message was never \def'ed. If you have
misspelled it (e.g., `\hobx'), type `I' and the correct
spelling (e.g., `I\hbox'). Otherwise just continue,
and I'll forget about whatever was undefined.

./final_report_shay_michelle.tex:223: Undefined control sequence.
<argument> ...r {\@currentHref }{\relax }}\Figure 
                                                  Results of the model train...
l.223   and tested on the 2013 cohort}
                                      
The control sequence at the end of the top line
of your error message was never \def'ed. If you have
misspelled it (e.g., `\hobx'), type `I' and the correct
spelling (e.g., `I\hbox'). Otherwise just continue,
and I'll forget about whatever was undefined.

./final_report_shay_michelle.tex:223: Undefined control sequence.
<argument> ...r {\@currentHref }{\relax }}\Figure 
                                                  Results of the model train...
l.223   and tested on the 2013 cohort}
                                      
The control sequence at the end of the top line
of your error message was never \def'ed. If you have
misspelled it (e.g., `\hobx'), type `I' and the correct
spelling (e.g., `I\hbox'). Otherwise just continue,
and I'll forget about whatever was undefined.

<2013blended.png, id=61, 722.7pt x 722.7pt>
File: 2013blended.png Graphic file (type png)
 <use 2013blended.png>
Package pdftex.def Info: 2013blended.png used on input line 229.
(pdftex.def)             Requested size: 180.67499pt x 180.67455pt.

./final_report_shay_michelle.tex:233: Undefined control sequence.
<argument> ... \endcsname }{\ignorespaces \Figure 
                                                  Results of the model train...
l.233   and tested on the 2013 cohort}
                                      
The control sequence at the end of the top line
of your error message was never \def'ed. If you have
misspelled it (e.g., `\hobx'), type `I' and the correct
spelling (e.g., `I\hbox'). Otherwise just continue,
and I'll forget about whatever was undefined.

./final_report_shay_michelle.tex:233: Undefined control sequence.
<argument> ...r {\@currentHref }{\relax }}\Figure 
                                                  Results of the model train...
l.233   and tested on the 2013 cohort}
                                      
The control sequence at the end of the top line
of your error message was never \def'ed. If you have
misspelled it (e.g., `\hobx'), type `I' and the correct
spelling (e.g., `I\hbox'). Otherwise just continue,
and I'll forget about whatever was undefined.

./final_report_shay_michelle.tex:233: Undefined control sequence.
<argument> ...r {\@currentHref }{\relax }}\Figure 
                                                  Results of the model train...
l.233   and tested on the 2013 cohort}
                                      
The control sequence at the end of the top line
of your error message was never \def'ed. If you have
misspelled it (e.g., `\hobx'), type `I' and the correct
spelling (e.g., `I\hbox'). Otherwise just continue,
and I'll forget about whatever was undefined.


./final_report_shay_michelle.tex:237: LaTeX Error: \begin{enumerate} on input line 110 ended by \end{document}.

See the LaTeX manual or LaTeX Companion for explanation.
Type  H <return>  for immediate help.
 ...                                              
                                                  
l.237 \end{document}
                    
Your command was ignored.
Type  I <command> <return>  to replace it with another command,
or  <return>  to continue without it.

Package atveryend Info: Empty hook `BeforeClearDocument' on input line 237.
[3 <./fedloans.png> <./Testsize.png>] [4 <./Max_Depth.png> <./results2011.png> <./results2012.png> <./results2013.png>] [5

 <./2013from2011.png> <./2013blended.png>]
Package atveryend Info: Empty hook `AfterLastShipout' on input line 237.
 (./final_report_shay_michelle.aux)
Package atveryend Info: Executing hook `AtVeryEndDocument' on input line 237.
Package atveryend Info: Executing hook `AtEndAfterFileList' on input line 237.
Package rerunfilecheck Info: File `final_report_shay_michelle.out' has not changed.
(rerunfilecheck)             Checksum: 87B2DD578C8ED84C08149CA792AF42D7;145.
Package atveryend Info: Empty hook `AtVeryVeryEnd' on input line 237.
 )
(\end occurred inside a group at level 1)

### semi simple group (level 1) entered at line 110 (\begingroup)
### bottom level 
Here is how much of TeX's memory you used:
 5574 strings out of 493014
 82366 string characters out of 6133351
 168274 words of memory out of 5000000
 9032 multiletter control sequences out of 15000+600000
 17387 words of font info for 51 fonts, out of 8000000 for 9000
 1141 hyphenation exceptions out of 8191
 29i,7n,28p,258b,429s stack positions out of 5000i,500n,10000p,200000b,80000s
{/usr/local/texlive/2016/texmf-dist/fonts/enc/dvips/base/8r.enc}</usr/local/texlive/2016/texmf-dist/fonts/type1/public/amsfonts/cm/cmmi10.pfb></usr/local/texlive/2016/texmf-dist/fonts/type1/public/amsfonts/cm/cmr10.pfb></usr/local/texlive/2016/texmf-dist/fonts/type1/public/amsfonts/cm/cmr7.pfb></usr/local/texlive/2016/texmf-dist/fonts/type1/urw/courier/ucrr8a.pfb></usr/local/texlive/2016/texmf-dist/fonts/type1/urw/times/utmb8a.pfb></usr/local/texlive/2016/texmf-dist/fonts/type1/urw/times/utmr8a.pfb>
Output written on final_report_shay_michelle.pdf (5 pages, 533296 bytes).
PDF statistics:
 110 PDF objects out of 1000 (max. 8388607)
 80 compressed objects within 1 object stream
 23 named destinations out of 1000 (max. 500000)
 65 words of extra memory for PDF output out of 10000 (max. 10000000)

